Wed Jun 09 21:42:33 CST 2021  [debug] AvalonLogSystem initialized using logfile 'C:\Users\24148\Desktop\guguday\.metadata\.plugins\com.genuitec.eclipse.templates\velocity.log'
Wed Jun 09 21:42:33 CST 2021   [info] ************************************************************** 
Wed Jun 09 21:42:33 CST 2021   [info] Starting Jakarta Velocity v1.4
Wed Jun 09 21:42:33 CST 2021   [info] RuntimeInstance initializing.
Wed Jun 09 21:42:33 CST 2021   [info] Default Properties File: org\apache\velocity\runtime\defaults\velocity.properties
Wed Jun 09 21:42:33 CST 2021   [info] Trying to use logger class org.apache.velocity.runtime.log.AvalonLogSystem
Wed Jun 09 21:42:33 CST 2021   [info] Using logger class org.apache.velocity.runtime.log.AvalonLogSystem
Wed Jun 09 21:42:33 CST 2021   [info] Default ResourceManager initializing. (class org.apache.velocity.runtime.resource.ResourceManagerImpl)
Wed Jun 09 21:42:33 CST 2021   [info] Resource Loader Instantiated: com.genuitec.eclipse.templates.internal.PluginResourceLoader
Wed Jun 09 21:42:33 CST 2021   [info] ResourceCache : initialized. (class org.apache.velocity.runtime.resource.ResourceCacheImpl)
Wed Jun 09 21:42:33 CST 2021   [info] Default ResourceManager initialization complete.
Wed Jun 09 21:42:33 CST 2021   [info] Loaded System Directive: org.apache.velocity.runtime.directive.Literal
Wed Jun 09 21:42:33 CST 2021   [info] Loaded System Directive: org.apache.velocity.runtime.directive.Macro
Wed Jun 09 21:42:33 CST 2021   [info] Loaded System Directive: org.apache.velocity.runtime.directive.Parse
Wed Jun 09 21:42:33 CST 2021   [info] Loaded System Directive: org.apache.velocity.runtime.directive.Include
Wed Jun 09 21:42:33 CST 2021   [info] Loaded System Directive: org.apache.velocity.runtime.directive.Foreach
Wed Jun 09 21:42:33 CST 2021   [info] Created: 20 parsers.
Wed Jun 09 21:42:33 CST 2021   [info] Velocimacro : initialization starting.
Wed Jun 09 21:42:33 CST 2021   [info] Velocimacro : adding VMs from VM library template : VM_global_library.vm
Wed Jun 09 21:42:33 CST 2021   [info] ResourceManager : found VM_global_library.vm with loader com.genuitec.eclipse.templates.internal.PluginResourceLoader
Wed Jun 09 21:42:33 CST 2021   [info] Velocimacro :  VM library template macro registration complete.
Wed Jun 09 21:42:33 CST 2021   [info] Velocimacro : allowInline = true : VMs can be defined inline in templates
Wed Jun 09 21:42:33 CST 2021   [info] Velocimacro : allowInlineToOverride = true : VMs defined inline may replace previous VM definitions
Wed Jun 09 21:42:33 CST 2021   [info] Velocimacro : allowInlineLocal = true : VMs defined inline will be local to their defining template only.
Wed Jun 09 21:42:33 CST 2021   [info] Velocimacro : messages on  : VM system will output logging messages
Wed Jun 09 21:42:33 CST 2021   [info] Velocimacro : autoload off  : VM system will not automatically reload global library macros
Wed Jun 09 21:42:33 CST 2021   [info] Velocimacro : initialization complete.
Wed Jun 09 21:42:33 CST 2021   [info] Velocity successfully started.
Wed Jun 09 21:42:33 CST 2021   [info] ResourceManager : found templates/jsp/Jsp.vtl with loader com.genuitec.eclipse.templates.internal.PluginResourceLoader
Wed Jun 09 21:42:33 CST 2021   [info] ResourceManager : found templates/jsp/JSPMetaTags.vtl with loader com.genuitec.eclipse.templates.internal.PluginResourceLoader
Fri Jun 11 14:40:01 CST 2021   [info] ResourceManager : found templates/jsp/Jsp.vtl with loader com.genuitec.eclipse.templates.internal.PluginResourceLoader
Fri Jun 11 14:40:01 CST 2021   [info] ResourceManager : found templates/jsp/JSPMetaTags.vtl with loader com.genuitec.eclipse.templates.internal.PluginResourceLoader
Fri Jun 11 14:47:57 CST 2021   [info] ResourceManager : found templates/jsp/Jsp.vtl with loader com.genuitec.eclipse.templates.internal.PluginResourceLoader
Fri Jun 11 14:47:57 CST 2021   [info] ResourceManager : found templates/jsp/JSPMetaTags.vtl with loader com.genuitec.eclipse.templates.internal.PluginResourceLoader
Sat Jun 12 16:28:30 CST 2021   [info] ResourceManager : found templates/jsp/Jsp.vtl with loader com.genuitec.eclipse.templates.internal.PluginResourceLoader
Sat Jun 12 16:28:30 CST 2021   [info] ResourceManager : found templates/jsp/JSPMetaTags.vtl with loader com.genuitec.eclipse.templates.internal.PluginResourceLoader
Sat Jun 12 16:32:37 CST 2021   [info] ResourceManager : found templates/jsp/Jsp.vtl with loader com.genuitec.eclipse.templates.internal.PluginResourceLoader
Sat Jun 12 16:32:37 CST 2021   [info] ResourceManager : found templates/jsp/JSPMetaTags.vtl with loader com.genuitec.eclipse.templates.internal.PluginResourceLoader
Sat Jun 12 16:33:03 CST 2021   [info] ResourceManager : found templates/jsp/Jsp.vtl with loader com.genuitec.eclipse.templates.internal.PluginResourceLoader
Sat Jun 12 16:33:03 CST 2021   [info] ResourceManager : found templates/jsp/JSPMetaTags.vtl with loader com.genuitec.eclipse.templates.internal.PluginResourceLoader
Sat Jun 12 16:33:31 CST 2021   [info] ResourceManager : found templates/jsp/Jsp.vtl with loader com.genuitec.eclipse.templates.internal.PluginResourceLoader
Sat Jun 12 16:33:31 CST 2021   [info] ResourceManager : found templates/jsp/JSPMetaTags.vtl with loader com.genuitec.eclipse.templates.internal.PluginResourceLoader
Sat Jun 12 16:37:51 CST 2021   [info] ResourceManager : found templates/jsp/Jsp.vtl with loader com.genuitec.eclipse.templates.internal.PluginResourceLoader
Sat Jun 12 16:37:51 CST 2021   [info] ResourceManager : found templates/jsp/JSPMetaTags.vtl with loader com.genuitec.eclipse.templates.internal.PluginResourceLoader
Sat Jun 12 16:38:59 CST 2021   [info] ResourceManager : found templates/jsp/Jsp.vtl with loader com.genuitec.eclipse.templates.internal.PluginResourceLoader
Sat Jun 12 16:38:59 CST 2021   [info] ResourceManager : found templates/jsp/JSPMetaTags.vtl with loader com.genuitec.eclipse.templates.internal.PluginResourceLoader
Sat Jun 12 16:39:14 CST 2021   [info] ResourceManager : found templates/jsp/Jsp.vtl with loader com.genuitec.eclipse.templates.internal.PluginResourceLoader
Sat Jun 12 16:39:14 CST 2021   [info] ResourceManager : found templates/jsp/JSPMetaTags.vtl with loader com.genuitec.eclipse.templates.internal.PluginResourceLoader
Sun Jun 13 14:22:23 CST 2021   [info] ResourceManager : found templates/jsp/Jsp.vtl with loader com.genuitec.eclipse.templates.internal.PluginResourceLoader
Sun Jun 13 14:22:23 CST 2021   [info] ResourceManager : found templates/jsp/JSPMetaTags.vtl with loader com.genuitec.eclipse.templates.internal.PluginResourceLoader
